2023-11-14 21:19:15 INFO +++++++done with ticker EURUSD=X=======
2023-11-14 21:19:17 INFO all messsages sent [True]
2023-11-14 21:19:17 INFO ======== Query completed for EURUSD ===========
2023-11-14 21:19:17 INFO +++++++done with ticker EURJPY=X=======
2023-11-14 21:19:17 INFO ======== Query completed for EURJPY ===========
2023-11-14 21:19:18 INFO +++++++done with ticker USDJPY=X=======
2023-11-14 21:19:18 INFO ======== Query completed for USDJPY ===========
2023-11-14 21:19:19 INFO +++++++done with ticker GBPUSD=X=======
2023-11-14 21:19:19 INFO ======== Query completed for GBPUSD ===========
2023-11-14 21:19:20 INFO +++++++done with ticker AUDUSD=X=======
2023-11-14 21:19:21 INFO +++++++done with ticker USDCAD=X=======
2023-11-14 21:19:21 INFO ======== Query completed for USDCAD ===========
2023-11-14 21:19:22 INFO +++++++done with ticker USDCHF=X=======
2023-11-14 21:19:22 INFO ======== Query completed for USDCHF ===========
2023-11-14 21:19:22 WARNING some messages failed [None]
2023-11-14 21:19:22 INFO ======== Query completed for AUDUSD ===========
2023-11-14 21:19:22 INFO +++++++done with ticker CADCHF=X=======
2023-11-14 21:19:22 INFO ======== Query completed for CADCHF ===========
2023-11-14 21:19:23 INFO +++++++done with ticker USDCNY=X=======
2023-11-14 21:19:23 INFO ======== Query completed for USDCNY ===========
2023-11-14 21:19:24 INFO +++++++done with ticker USDHKD=X=======
2023-11-14 21:19:24 INFO ======== Query completed for USDHKD ===========
2023-11-14 21:19:25 INFO +++++++done with ticker EURGBP=X=======
2023-11-14 21:19:25 INFO ======== Query completed for EURGBP ===========
