2023-11-14 18:27:32 WARNING first attempt to run file
2023-11-14 18:27:40 WARNING some messages failed [None]
2023-11-14 18:30:24 WARNING first attempt to run file
2023-11-14 18:30:26 INFO +++++++done with ticker EURUSD=X=======
2023-11-14 18:30:27 INFO +++++++done with ticker EURJPY=X=======
2023-11-14 18:30:27 INFO ======== Query completed for EURJPY ===========
2023-11-14 18:30:27 INFO all messsages sent [True]
2023-11-14 18:30:27 INFO ======== Query completed for EURUSD ===========
2023-11-14 18:30:28 INFO +++++++done with ticker USDJPY=X=======
2023-11-14 18:30:28 INFO ======== Query completed for USDJPY ===========
2023-11-14 18:30:29 INFO +++++++done with ticker GBPUSD=X=======
2023-11-14 18:30:29 INFO ======== Query completed for GBPUSD ===========
2023-11-14 18:30:30 INFO +++++++done with ticker AUDUSD=X=======
2023-11-14 18:30:31 INFO +++++++done with ticker USDCAD=X=======
2023-11-14 18:30:31 INFO ======== Query completed for USDCAD ===========
2023-11-14 18:30:32 INFO +++++++done with ticker USDCHF=X=======
2023-11-14 18:30:32 INFO ======== Query completed for USDCHF ===========
2023-11-14 18:30:33 WARNING some messages failed [None]
2023-11-14 18:30:33 INFO ======== Query completed for AUDUSD ===========
2023-11-14 18:30:34 INFO +++++++done with ticker CADCHF=X=======
2023-11-14 18:30:34 INFO ======== Query completed for CADCHF ===========
2023-11-14 18:30:35 INFO +++++++done with ticker USDCNY=X=======
2023-11-14 18:30:35 INFO ======== Query completed for USDCNY ===========
2023-11-14 18:30:36 INFO +++++++done with ticker USDHKD=X=======
2023-11-14 18:30:36 INFO ======== Query completed for USDHKD ===========
2023-11-14 18:30:37 INFO +++++++done with ticker EURGBP=X=======
2023-11-14 18:30:37 INFO ======== Query completed for EURGBP ===========
